<?xml version="1.0" encoding="UTF-8"?>
<testng-results ignored="0" total="9" passed="7" failed="2" skipped="0">
  <reporter-output>
  </reporter-output>
  <suite started-at="2024-08-17T16:19:59 IST" name="Suite" finished-at="2024-08-17T16:21:05 IST" duration-ms="65135">
    <groups>
    </groups>
    <test started-at="2024-08-17T16:19:59 IST" name="TestChrome" finished-at="2024-08-17T16:20:06 IST" duration-ms="6988">
      <class name="testScripts.HomePageTest">
        <test-method is-config="true" signature="setBrowser(java.lang.String)[pri:0, instance:testScripts.HomePageTest@74f0ea28]" started-at="2024-08-17T16:19:59 IST" name="setBrowser" finished-at="2024-08-17T16:20:02 IST" duration-ms="2125" status="PASS">
          <params>
            <param index="0">
              <value>
                <![CDATA[Chrome]]>
              </value>
            </param>
          </params>
          <reporter-output>
          </reporter-output>
        </test-method> <!-- setBrowser -->
        <test-method signature="verifyHomePageTitle()[pri:0, instance:testScripts.HomePageTest@74f0ea28]" started-at="2024-08-17T16:20:02 IST" name="verifyHomePageTitle" finished-at="2024-08-17T16:20:06 IST" duration-ms="4498" status="PASS">
          <reporter-output>
          </reporter-output>
        </test-method> <!-- verifyHomePageTitle -->
        <test-method is-config="true" signature="closeBrowser(org.testng.ITestResult)[pri:0, instance:testScripts.HomePageTest@74f0ea28]" started-at="2024-08-17T16:20:06 IST" name="closeBrowser" finished-at="2024-08-17T16:20:06 IST" duration-ms="319" status="PASS">
          <params>
            <param index="0">
              <value>
                <![CDATA[[TestResult name=verifyHomePageTitle status=SUCCESS method=HomePageTest.verifyHomePageTitle()[pri:0, instance:testScripts.HomePageTest@74f0ea28] output={null}]]]>
              </value>
            </param>
          </params>
          <reporter-output>
          </reporter-output>
        </test-method> <!-- closeBrowser -->
      </class> <!-- testScripts.HomePageTest -->
    </test> <!-- TestChrome -->
    <test started-at="2024-08-17T16:20:06 IST" name="TestFireFox" finished-at="2024-08-17T16:20:56 IST" duration-ms="50012">
      <class name="testScripts.LoginPageTest">
        <test-method is-config="true" signature="setBrowser(java.lang.String)[pri:0, instance:testScripts.LoginPageTest@2f4948e4]" started-at="2024-08-17T16:20:06 IST" name="setBrowser" finished-at="2024-08-17T16:20:10 IST" duration-ms="3110" status="PASS">
          <params>
            <param index="0">
              <value>
                <![CDATA[Firefox]]>
              </value>
            </param>
          </params>
          <reporter-output>
          </reporter-output>
        </test-method> <!-- setBrowser -->
        <test-method signature="userLoginWithInValidEmailAndInvalidPassword()[pri:0, instance:testScripts.LoginPageTest@2f4948e4]" started-at="2024-08-17T16:20:10 IST" name="userLoginWithInValidEmailAndInvalidPassword" finished-at="2024-08-17T16:20:13 IST" duration-ms="3398" status="FAIL">
          <exception class="java.lang.AssertionError">
            <message>
              <![CDATA[Invalid Login Message expected [Login was unsuccessful. Please correct the errors and try again.The credentials provided are incorrect] but found [Login was unsuccessful. Please correct the errors and try again.No customer account found]]]>
            </message>
            <full-stacktrace>
              <![CDATA[java.lang.AssertionError: Invalid Login Message expected [Login was unsuccessful. Please correct the errors and try again.The credentials provided are incorrect] but found [Login was unsuccessful. Please correct the errors and try again.No customer account found]
at org.testng.Assert.fail(Assert.java:111)
at org.testng.Assert.failNotEquals(Assert.java:1578)
at org.testng.Assert.assertEqualsImpl(Assert.java:150)
at org.testng.Assert.assertEquals(Assert.java:132)
at org.testng.Assert.assertEquals(Assert.java:656)
at testScripts.LoginPageTest.userLoginWithInValidEmailAndInvalidPassword(LoginPageTest.java:112)
at java.base/jdk.internal.reflect.NativeMethodAccessorImpl.invoke0(Native Method)
at java.base/jdk.internal.reflect.NativeMethodAccessorImpl.invoke(NativeMethodAccessorImpl.java:77)
at java.base/jdk.internal.reflect.DelegatingMethodAccessorImpl.invoke(DelegatingMethodAccessorImpl.java:43)
at java.base/java.lang.reflect.Method.invoke(Method.java:568)
at org.testng.internal.invokers.MethodInvocationHelper.invokeMethod(MethodInvocationHelper.java:139)
at org.testng.internal.invokers.TestInvoker.invokeMethod(TestInvoker.java:664)
at org.testng.internal.invokers.TestInvoker.invokeTestMethod(TestInvoker.java:227)
at org.testng.internal.invokers.MethodRunner.runInSequence(MethodRunner.java:50)
at org.testng.internal.invokers.TestInvoker$MethodInvocationAgent.invoke(TestInvoker.java:957)
at org.testng.internal.invokers.TestInvoker.invokeTestMethods(TestInvoker.java:200)
at org.testng.internal.invokers.TestMethodWorker.invokeTestMethods(TestMethodWorker.java:148)
at org.testng.internal.invokers.TestMethodWorker.run(TestMethodWorker.java:128)
at java.base/java.util.ArrayList.forEach(ArrayList.java:1511)
at org.testng.TestRunner.privateRun(TestRunner.java:848)
at org.testng.TestRunner.run(TestRunner.java:621)
at org.testng.SuiteRunner.runTest(SuiteRunner.java:443)
at org.testng.SuiteRunner.runSequentially(SuiteRunner.java:437)
at org.testng.SuiteRunner.privateRun(SuiteRunner.java:397)
at org.testng.SuiteRunner.run(SuiteRunner.java:336)
at org.testng.SuiteRunnerWorker.runSuite(SuiteRunnerWorker.java:52)
at org.testng.SuiteRunnerWorker.run(SuiteRunnerWorker.java:95)
at org.testng.TestNG.runSuitesSequentially(TestNG.java:1280)
at org.testng.TestNG.runSuitesLocally(TestNG.java:1200)
at org.testng.TestNG.runSuites(TestNG.java:1114)
at org.testng.TestNG.run(TestNG.java:1082)
at org.testng.remote.AbstractRemoteTestNG.run(AbstractRemoteTestNG.java:115)
at org.testng.remote.RemoteTestNG.initAndRun(RemoteTestNG.java:293)
at org.testng.remote.RemoteTestNG.main(RemoteTestNG.java:91)
]]>
            </full-stacktrace>
          </exception> <!-- java.lang.AssertionError -->
          <reporter-output>
          </reporter-output>
        </test-method> <!-- userLoginWithInValidEmailAndInvalidPassword -->
        <test-method is-config="true" signature="closeBrowser(org.testng.ITestResult)[pri:0, instance:testScripts.LoginPageTest@2f4948e4]" started-at="2024-08-17T16:20:13 IST" name="closeBrowser" finished-at="2024-08-17T16:20:14 IST" duration-ms="1171" status="PASS">
          <params>
            <param index="0">
              <value>
                <![CDATA[[TestResult name=userLoginWithInValidEmailAndInvalidPassword status=FAILURE method=LoginPageTest.userLoginWithInValidEmailAndInvalidPassword()[pri:0, instance:testScripts.LoginPageTest@2f4948e4] output={null}]]]>
              </value>
            </param>
          </params>
          <reporter-output>
          </reporter-output>
        </test-method> <!-- closeBrowser -->
        <test-method is-config="true" signature="setBrowser(java.lang.String)[pri:0, instance:testScripts.LoginPageTest@2f4948e4]" started-at="2024-08-17T16:20:14 IST" name="setBrowser" finished-at="2024-08-17T16:20:17 IST" duration-ms="2958" status="PASS">
          <params>
            <param index="0">
              <value>
                <![CDATA[Firefox]]>
              </value>
            </param>
          </params>
          <reporter-output>
          </reporter-output>
        </test-method> <!-- setBrowser -->
        <test-method signature="userLoginWithInValidEmailAndvalidPassword()[pri:0, instance:testScripts.LoginPageTest@2f4948e4]" started-at="2024-08-17T16:20:17 IST" name="userLoginWithInValidEmailAndvalidPassword" finished-at="2024-08-17T16:20:20 IST" duration-ms="2855" status="FAIL">
          <exception class="java.lang.AssertionError">
            <message>
              <![CDATA[Invalid Login Message expected [Login was unsuccessful. Please correct the errors and try again.The credentials provided are incorrect] but found [Login was unsuccessful. Please correct the errors and try again.No customer account found]]]>
            </message>
            <full-stacktrace>
              <![CDATA[java.lang.AssertionError: Invalid Login Message expected [Login was unsuccessful. Please correct the errors and try again.The credentials provided are incorrect] but found [Login was unsuccessful. Please correct the errors and try again.No customer account found]
at org.testng.Assert.fail(Assert.java:111)
at org.testng.Assert.failNotEquals(Assert.java:1578)
at org.testng.Assert.assertEqualsImpl(Assert.java:150)
at org.testng.Assert.assertEquals(Assert.java:132)
at org.testng.Assert.assertEquals(Assert.java:656)
at testScripts.LoginPageTest.userLoginWithInValidEmailAndvalidPassword(LoginPageTest.java:87)
at java.base/jdk.internal.reflect.NativeMethodAccessorImpl.invoke0(Native Method)
at java.base/jdk.internal.reflect.NativeMethodAccessorImpl.invoke(NativeMethodAccessorImpl.java:77)
at java.base/jdk.internal.reflect.DelegatingMethodAccessorImpl.invoke(DelegatingMethodAccessorImpl.java:43)
at java.base/java.lang.reflect.Method.invoke(Method.java:568)
at org.testng.internal.invokers.MethodInvocationHelper.invokeMethod(MethodInvocationHelper.java:139)
at org.testng.internal.invokers.TestInvoker.invokeMethod(TestInvoker.java:664)
at org.testng.internal.invokers.TestInvoker.invokeTestMethod(TestInvoker.java:227)
at org.testng.internal.invokers.MethodRunner.runInSequence(MethodRunner.java:50)
at org.testng.internal.invokers.TestInvoker$MethodInvocationAgent.invoke(TestInvoker.java:957)
at org.testng.internal.invokers.TestInvoker.invokeTestMethods(TestInvoker.java:200)
at org.testng.internal.invokers.TestMethodWorker.invokeTestMethods(TestMethodWorker.java:148)
at org.testng.internal.invokers.TestMethodWorker.run(TestMethodWorker.java:128)
at java.base/java.util.ArrayList.forEach(ArrayList.java:1511)
at org.testng.TestRunner.privateRun(TestRunner.java:848)
at org.testng.TestRunner.run(TestRunner.java:621)
at org.testng.SuiteRunner.runTest(SuiteRunner.java:443)
at org.testng.SuiteRunner.runSequentially(SuiteRunner.java:437)
at org.testng.SuiteRunner.privateRun(SuiteRunner.java:397)
at org.testng.SuiteRunner.run(SuiteRunner.java:336)
at org.testng.SuiteRunnerWorker.runSuite(SuiteRunnerWorker.java:52)
at org.testng.SuiteRunnerWorker.run(SuiteRunnerWorker.java:95)
at org.testng.TestNG.runSuitesSequentially(TestNG.java:1280)
at org.testng.TestNG.runSuitesLocally(TestNG.java:1200)
at org.testng.TestNG.runSuites(TestNG.java:1114)
at org.testng.TestNG.run(TestNG.java:1082)
at org.testng.remote.AbstractRemoteTestNG.run(AbstractRemoteTestNG.java:115)
at org.testng.remote.RemoteTestNG.initAndRun(RemoteTestNG.java:293)
at org.testng.remote.RemoteTestNG.main(RemoteTestNG.java:91)
]]>
            </full-stacktrace>
          </exception> <!-- java.lang.AssertionError -->
          <reporter-output>
          </reporter-output>
        </test-method> <!-- userLoginWithInValidEmailAndvalidPassword -->
        <test-method is-config="true" signature="closeBrowser(org.testng.ITestResult)[pri:0, instance:testScripts.LoginPageTest@2f4948e4]" started-at="2024-08-17T16:20:20 IST" name="closeBrowser" finished-at="2024-08-17T16:20:21 IST" duration-ms="1177" status="PASS">
          <params>
            <param index="0">
              <value>
                <![CDATA[[TestResult name=userLoginWithInValidEmailAndvalidPassword status=FAILURE method=LoginPageTest.userLoginWithInValidEmailAndvalidPassword()[pri:0, instance:testScripts.LoginPageTest@2f4948e4] output={null}]]]>
              </value>
            </param>
          </params>
          <reporter-output>
          </reporter-output>
        </test-method> <!-- closeBrowser -->
        <test-method is-config="true" signature="setBrowser(java.lang.String)[pri:0, instance:testScripts.LoginPageTest@2f4948e4]" started-at="2024-08-17T16:20:21 IST" name="setBrowser" finished-at="2024-08-17T16:20:24 IST" duration-ms="2886" status="PASS">
          <params>
            <param index="0">
              <value>
                <![CDATA[Firefox]]>
              </value>
            </param>
          </params>
          <reporter-output>
          </reporter-output>
        </test-method> <!-- setBrowser -->
        <test-method signature="userLoginWithValidCredentials()[pri:0, instance:testScripts.LoginPageTest@2f4948e4]" started-at="2024-08-17T16:20:24 IST" name="userLoginWithValidCredentials" finished-at="2024-08-17T16:20:28 IST" duration-ms="3934" status="PASS">
          <reporter-output>
          </reporter-output>
        </test-method> <!-- userLoginWithValidCredentials -->
        <test-method is-config="true" signature="closeBrowser(org.testng.ITestResult)[pri:0, instance:testScripts.LoginPageTest@2f4948e4]" started-at="2024-08-17T16:20:28 IST" name="closeBrowser" finished-at="2024-08-17T16:20:29 IST" duration-ms="1074" status="PASS">
          <params>
            <param index="0">
              <value>
                <![CDATA[[TestResult name=userLoginWithValidCredentials status=SUCCESS method=LoginPageTest.userLoginWithValidCredentials()[pri:0, instance:testScripts.LoginPageTest@2f4948e4] output={null}]]]>
              </value>
            </param>
          </params>
          <reporter-output>
          </reporter-output>
        </test-method> <!-- closeBrowser -->
        <test-method is-config="true" signature="setBrowser(java.lang.String)[pri:0, instance:testScripts.LoginPageTest@2f4948e4]" started-at="2024-08-17T16:20:29 IST" name="setBrowser" finished-at="2024-08-17T16:20:32 IST" duration-ms="2827" status="PASS">
          <params>
            <param index="0">
              <value>
                <![CDATA[Firefox]]>
              </value>
            </param>
          </params>
          <reporter-output>
          </reporter-output>
        </test-method> <!-- setBrowser -->
        <test-method signature="userLoginWithValidEmailAndInvalidPassword()[pri:0, instance:testScripts.LoginPageTest@2f4948e4]" started-at="2024-08-17T16:20:32 IST" name="userLoginWithValidEmailAndInvalidPassword" finished-at="2024-08-17T16:20:35 IST" duration-ms="3121" status="PASS">
          <reporter-output>
          </reporter-output>
        </test-method> <!-- userLoginWithValidEmailAndInvalidPassword -->
        <test-method is-config="true" signature="closeBrowser(org.testng.ITestResult)[pri:0, instance:testScripts.LoginPageTest@2f4948e4]" started-at="2024-08-17T16:20:35 IST" name="closeBrowser" finished-at="2024-08-17T16:20:36 IST" duration-ms="983" status="PASS">
          <params>
            <param index="0">
              <value>
                <![CDATA[[TestResult name=userLoginWithValidEmailAndInvalidPassword status=SUCCESS method=LoginPageTest.userLoginWithValidEmailAndInvalidPassword()[pri:0, instance:testScripts.LoginPageTest@2f4948e4] output={null}]]]>
              </value>
            </param>
          </params>
          <reporter-output>
          </reporter-output>
        </test-method> <!-- closeBrowser -->
        <test-method is-config="true" signature="setBrowser(java.lang.String)[pri:0, instance:testScripts.LoginPageTest@2f4948e4]" started-at="2024-08-17T16:20:36 IST" name="setBrowser" finished-at="2024-08-17T16:20:39 IST" duration-ms="3036" status="PASS">
          <params>
            <param index="0">
              <value>
                <![CDATA[Firefox]]>
              </value>
            </param>
          </params>
          <reporter-output>
          </reporter-output>
        </test-method> <!-- setBrowser -->
        <test-method signature="verifyInvalidUserLoginWithDataProvider(java.lang.String,java.lang.String)[pri:0, instance:testScripts.LoginPageTest@2f4948e4]" started-at="2024-08-17T16:20:39 IST" name="verifyInvalidUserLoginWithDataProvider" data-provider="InvalidUserCredentials" finished-at="2024-08-17T16:20:42 IST" duration-ms="2877" status="PASS">
          <params>
            <param index="0">
              <value>
                <![CDATA[basil3@ariesesolutions.com]]>
              </value>
            </param>
            <param index="1">
              <value>
                <![CDATA[123456]]>
              </value>
            </param>
          </params>
          <reporter-output>
          </reporter-output>
        </test-method> <!-- verifyInvalidUserLoginWithDataProvider -->
        <test-method is-config="true" signature="closeBrowser(org.testng.ITestResult)[pri:0, instance:testScripts.LoginPageTest@2f4948e4]" started-at="2024-08-17T16:20:42 IST" name="closeBrowser" finished-at="2024-08-17T16:20:43 IST" duration-ms="803" status="PASS">
          <params>
            <param index="0">
              <value>
                <![CDATA[[TestResult name=verifyInvalidUserLoginWithDataProvider status=SUCCESS method=LoginPageTest.verifyInvalidUserLoginWithDataProvider(java.lang.String,java.lang.String)[pri:0, instance:testScripts.LoginPageTest@2f4948e4] output={null}]]]>
              </value>
            </param>
          </params>
          <reporter-output>
          </reporter-output>
        </test-method> <!-- closeBrowser -->
        <test-method is-config="true" signature="setBrowser(java.lang.String)[pri:0, instance:testScripts.LoginPageTest@2f4948e4]" started-at="2024-08-17T16:20:43 IST" name="setBrowser" finished-at="2024-08-17T16:20:46 IST" duration-ms="2876" status="PASS">
          <params>
            <param index="0">
              <value>
                <![CDATA[Firefox]]>
              </value>
            </param>
          </params>
          <reporter-output>
          </reporter-output>
        </test-method> <!-- setBrowser -->
        <test-method signature="verifyInvalidUserLoginWithDataProvider(java.lang.String,java.lang.String)[pri:0, instance:testScripts.LoginPageTest@2f4948e4]" started-at="2024-08-17T16:20:46 IST" name="verifyInvalidUserLoginWithDataProvider" data-provider="InvalidUserCredentials" finished-at="2024-08-17T16:20:48 IST" duration-ms="2898" status="PASS">
          <params>
            <param index="0">
              <value>
                <![CDATA[test@ariesesolutions.com]]>
              </value>
            </param>
            <param index="1">
              <value>
                <![CDATA[123456]]>
              </value>
            </param>
          </params>
          <reporter-output>
          </reporter-output>
        </test-method> <!-- verifyInvalidUserLoginWithDataProvider -->
        <test-method is-config="true" signature="closeBrowser(org.testng.ITestResult)[pri:0, instance:testScripts.LoginPageTest@2f4948e4]" started-at="2024-08-17T16:20:48 IST" name="closeBrowser" finished-at="2024-08-17T16:20:49 IST" duration-ms="1039" status="PASS">
          <params>
            <param index="0">
              <value>
                <![CDATA[[TestResult name=verifyInvalidUserLoginWithDataProvider status=SUCCESS method=LoginPageTest.verifyInvalidUserLoginWithDataProvider(java.lang.String,java.lang.String)[pri:0, instance:testScripts.LoginPageTest@2f4948e4] output={null}]]]>
              </value>
            </param>
          </params>
          <reporter-output>
          </reporter-output>
        </test-method> <!-- closeBrowser -->
        <test-method is-config="true" signature="setBrowser(java.lang.String)[pri:0, instance:testScripts.LoginPageTest@2f4948e4]" started-at="2024-08-17T16:20:49 IST" name="setBrowser" finished-at="2024-08-17T16:20:53 IST" duration-ms="3141" status="PASS">
          <params>
            <param index="0">
              <value>
                <![CDATA[Firefox]]>
              </value>
            </param>
          </params>
          <reporter-output>
          </reporter-output>
        </test-method> <!-- setBrowser -->
        <test-method signature="verifyInvalidUserLoginWithDataProvider(java.lang.String,java.lang.String)[pri:0, instance:testScripts.LoginPageTest@2f4948e4]" started-at="2024-08-17T16:20:53 IST" name="verifyInvalidUserLoginWithDataProvider" data-provider="InvalidUserCredentials" finished-at="2024-08-17T16:20:55 IST" duration-ms="2784" status="PASS">
          <params>
            <param index="0">
              <value>
                <![CDATA[basil@ariesesolutions.com]]>
              </value>
            </param>
            <param index="1">
              <value>
                <![CDATA[12345678]]>
              </value>
            </param>
          </params>
          <reporter-output>
          </reporter-output>
        </test-method> <!-- verifyInvalidUserLoginWithDataProvider -->
        <test-method is-config="true" signature="closeBrowser(org.testng.ITestResult)[pri:0, instance:testScripts.LoginPageTest@2f4948e4]" started-at="2024-08-17T16:20:55 IST" name="closeBrowser" finished-at="2024-08-17T16:20:56 IST" duration-ms="1036" status="PASS">
          <params>
            <param index="0">
              <value>
                <![CDATA[[TestResult name=verifyInvalidUserLoginWithDataProvider status=SUCCESS method=LoginPageTest.verifyInvalidUserLoginWithDataProvider(java.lang.String,java.lang.String)[pri:0, instance:testScripts.LoginPageTest@2f4948e4] output={null}]]]>
              </value>
            </param>
          </params>
          <reporter-output>
          </reporter-output>
        </test-method> <!-- closeBrowser -->
      </class> <!-- testScripts.LoginPageTest -->
    </test> <!-- TestFireFox -->
    <test started-at="2024-08-17T16:20:56 IST" name="TestEdge" finished-at="2024-08-17T16:21:05 IST" duration-ms="8088">
      <class name="testScripts.RegisterPageTest">
        <test-method is-config="true" signature="setBrowser(java.lang.String)[pri:0, instance:testScripts.RegisterPageTest@662ac478]" started-at="2024-08-17T16:20:56 IST" name="setBrowser" finished-at="2024-08-17T16:21:00 IST" duration-ms="3180" status="PASS">
          <params>
            <param index="0">
              <value>
                <![CDATA[Edge]]>
              </value>
            </param>
          </params>
          <reporter-output>
          </reporter-output>
        </test-method> <!-- setBrowser -->
        <test-method signature="verifyUserRegistration()[pri:0, instance:testScripts.RegisterPageTest@662ac478]" started-at="2024-08-17T16:21:00 IST" name="verifyUserRegistration" finished-at="2024-08-17T16:21:04 IST" duration-ms="4615" status="PASS">
          <reporter-output>
          </reporter-output>
        </test-method> <!-- verifyUserRegistration -->
        <test-method is-config="true" signature="closeBrowser(org.testng.ITestResult)[pri:0, instance:testScripts.RegisterPageTest@662ac478]" started-at="2024-08-17T16:21:04 IST" name="closeBrowser" finished-at="2024-08-17T16:21:05 IST" duration-ms="291" status="PASS">
          <params>
            <param index="0">
              <value>
                <![CDATA[[TestResult name=verifyUserRegistration status=SUCCESS method=RegisterPageTest.verifyUserRegistration()[pri:0, instance:testScripts.RegisterPageTest@662ac478] output={null}]]]>
              </value>
            </param>
          </params>
          <reporter-output>
          </reporter-output>
        </test-method> <!-- closeBrowser -->
      </class> <!-- testScripts.RegisterPageTest -->
    </test> <!-- TestEdge -->
  </suite> <!-- Suite -->
</testng-results>
