<?xml version="1.0" encoding="UTF-8"?>
<!-- Generated by org.testng.reporters.JUnitXMLReporter -->
<testsuite ignored="1" hostname="AIL044" failures="1" tests="4" name="ChromeTest" time="121.104" errors="0" timestamp="2024-09-08T22:16:05 IST">
  <testcase classname="testScripts.AddUserPageTest" name="verifyAddUser" time="4.15">
    <skipped/>
  </testcase> <!-- verifyAddUser -->
  <testcase classname="testScripts.AddUserPageTest" name="verifyAddUser" time="7.071">
    <skipped/>
  </testcase> <!-- verifyAddUser -->
  <testcase classname="testScripts.AddUserPageTest" name="verifyAddUser" time="8.981">
    <skipped/>
  </testcase> <!-- verifyAddUser -->
  <testcase classname="testScripts.AddUserPageTest" name="verifyAddUser" time="5.824">
    <failure type="org.openqa.selenium.ElementNotInteractableException" message="element not interactable
  (Session info: chrome=128.0.6613.119)
Build info: version: &amp;apos;4.18.1&amp;apos;, revision: &amp;apos;b1d3319b48&amp;apos;
System info: os.name: &amp;apos;Windows 10&amp;apos;, os.arch: &amp;apos;amd64&amp;apos;, os.version: &amp;apos;10.0&amp;apos;, java.version: &amp;apos;17.0.10&amp;apos;
Driver info: org.openqa.selenium.chrome.ChromeDriver
Command: [4d1f10edf8904107c5fcaebe0d00676c, clickElement {id=f.2AD461A4B5C78BF4BCDA2E0C900DE5D4.d.AFD80EC6020A6844E785D85B2F894A9D.e.58}]
Capabilities {acceptInsecureCerts: false, browserName: chrome, browserVersion: 128.0.6613.119, chrome: {chromedriverVersion: 128.0.6613.119 (6e439cfca4d..., userDataDir: C:\Users\Basil\AppData\Loca...}, fedcm:accounts: true, goog:chromeOptions: {debuggerAddress: localhost:55900}, networkConnectionEnabled: false, pageLoadStrategy: normal, platformName: windows, proxy: Proxy(), se:cdp: ws://localhost:55900/devtoo..., se:cdpVersion: 128.0.6613.119, setWindowRect: true, strictFileInteractability: false, timeouts: {implicit: 0, pageLoad: 300000, script: 30000}, unhandledPromptBehavior: dismiss and notify, webauthn:extension:credBlob: true, webauthn:extension:largeBlob: true, webauthn:extension:minPinLength: true, webauthn:extension:prf: true, webauthn:virtualAuthenticators: true}
Element: [[ChromeDriver: chrome on windows (4d1f10edf8904107c5fcaebe0d00676c)] -&amp;gt; xpath: //span[@class=&amp;apos;title&amp;apos; and contains(text(),&amp;apos;Users&amp;apos;)]]
Session ID: 4d1f10edf8904107c5fcaebe0d00676c">
      <![CDATA[org.openqa.selenium.ElementNotInteractableException: element not interactable
  (Session info: chrome=128.0.6613.119)
Build info: version: '4.18.1', revision: 'b1d3319b48'
System info: os.name: 'Windows 10', os.arch: 'amd64', os.version: '10.0', java.version: '17.0.10'
Driver info: org.openqa.selenium.chrome.ChromeDriver
Command: [4d1f10edf8904107c5fcaebe0d00676c, clickElement {id=f.2AD461A4B5C78BF4BCDA2E0C900DE5D4.d.AFD80EC6020A6844E785D85B2F894A9D.e.58}]
Capabilities {acceptInsecureCerts: false, browserName: chrome, browserVersion: 128.0.6613.119, chrome: {chromedriverVersion: 128.0.6613.119 (6e439cfca4d..., userDataDir: C:\Users\Basil\AppData\Loca...}, fedcm:accounts: true, goog:chromeOptions: {debuggerAddress: localhost:55900}, networkConnectionEnabled: false, pageLoadStrategy: normal, platformName: windows, proxy: Proxy(), se:cdp: ws://localhost:55900/devtoo..., se:cdpVersion: 128.0.6613.119, setWindowRect: true, strictFileInteractability: false, timeouts: {implicit: 0, pageLoad: 300000, script: 30000}, unhandledPromptBehavior: dismiss and notify, webauthn:extension:credBlob: true, webauthn:extension:largeBlob: true, webauthn:extension:minPinLength: true, webauthn:extension:prf: true, webauthn:virtualAuthenticators: true}
Element: [[ChromeDriver: chrome on windows (4d1f10edf8904107c5fcaebe0d00676c)] -> xpath: //span[@class='title' and contains(text(),'Users')]]
Session ID: 4d1f10edf8904107c5fcaebe0d00676c
at org.openqa.selenium.remote.ErrorCodec.decode(ErrorCodec.java:167)
at org.openqa.selenium.remote.codec.w3c.W3CHttpResponseCodec.decode(W3CHttpResponseCodec.java:138)
at org.openqa.selenium.remote.codec.w3c.W3CHttpResponseCodec.decode(W3CHttpResponseCodec.java:50)
at org.openqa.selenium.remote.HttpCommandExecutor.execute(HttpCommandExecutor.java:190)
at org.openqa.selenium.remote.service.DriverCommandExecutor.invokeExecute(DriverCommandExecutor.java:216)
at org.openqa.selenium.remote.service.DriverCommandExecutor.execute(DriverCommandExecutor.java:174)
at org.openqa.selenium.remote.RemoteWebDriver.execute(RemoteWebDriver.java:519)
at org.openqa.selenium.remote.RemoteWebElement.execute(RemoteWebElement.java:223)
at org.openqa.selenium.remote.RemoteWebElement.click(RemoteWebElement.java:76)
at org.openqa.selenium.support.pagefactory.internal.LocatingElementHandler.invoke(LocatingElementHandler.java:51)
at jdk.proxy2/jdk.proxy2.$Proxy12.click(Unknown Source)
at pageObject.HomePage.clickUserDropdown(HomePage.java:78)
at testScripts.AddUserPageTest.verifyAddUser(AddUserPageTest.java:50)
at java.base/java.util.ArrayList.forEach(ArrayList.java:1511)
... Removed 36 stack frames]]>
    </failure>
  </testcase> <!-- verifyAddUser -->
  <testcase classname="testScripts.AddUserPageTest" name="verifyUserLoginWithNewlyAddedUser" time="0.0">
    <ignored/>
  </testcase> <!-- verifyUserLoginWithNewlyAddedUser -->
</testsuite> <!-- ChromeTest -->
